<?xml version="1.0" encoding="UTF-8"?>
<!-- Generated by org.testng.reporters.JUnitReportReporter -->
<testsuite hostname="Emilys-MacBook-Air.local" failures="0" tests="2" name="tests.SauceDemoLoginTests" time="23.598" errors="0" timestamp="2022-12-29T22:44:52 EST" skipped="0">
  <testcase classname="tests.SauceDemoLoginTests" name="credentialTest" time="15.345"/>
  <system-out/>
  <testcase classname="tests.SauceDemoLoginTests" name="credentialTest" time="8.253"/>
  <system-out/>
</testsuite> <!-- tests.SauceDemoLoginTests -->
