<?xml version="1.0" encoding="UTF-8"?>
<!-- Generated by org.testng.reporters.JUnitReportReporter -->
<testsuite hostname="Emilys-MacBook-Air.local" failures="0" tests="2" name="tests.annotation" time="0.024" errors="0" timestamp="2022-12-28T22:45:29 EST" skipped="0">
  <testcase classname="tests.annotation" name="tc01" time="0.012"/>
  <system-out/>
  <testcase classname="tests.annotation" name="tc_report" time="0.012"/>
  <system-out/>
</testsuite> <!-- tests.annotation -->
