<?xml version="1.0" encoding="UTF-8"?>
<!-- Generated by org.testng.reporters.JUnitReportReporter -->
<testsuite hostname="Emilys-MacBook-Air.local" failures="0" tests="1" name="apla" time="0.010" errors="0" timestamp="2022-12-21T01:19:32 EST" skipped="0">
  <testcase classname="apla" name="name" time="0.010"/>
  <system-out/>
</testsuite> <!-- apla -->
