<?xml version="1.0" encoding="UTF-8"?>
<!-- Generated by org.testng.reporters.JUnitReportReporter -->
<testsuite hostname="Emilys-MacBook-Air.local" failures="0" tests="2" name="tests.SauceDemoLoginTests" time="18.005" errors="0" timestamp="2022-12-22T00:34:43 EST" skipped="0">
  <testcase classname="tests.SauceDemoLoginTests" name="credentialTest" time="13.268"/>
  <system-out/>
  <testcase classname="tests.SauceDemoLoginTests" name="credentialTest" time="4.737"/>
  <system-out/>
</testsuite> <!-- tests.SauceDemoLoginTests -->
