<?xml version="1.0" encoding="UTF-8"?>
<!-- Generated by org.testng.reporters.JUnitReportReporter -->
<testsuite hostname="Emilys-MacBook-Air.local" failures="0" tests="1" name="tests.NewTest" time="0.002" errors="0" timestamp="2022-12-28T22:45:29 EST" skipped="0">
  <testcase classname="tests.NewTest" name="f" time="0.002"/>
  <system-out/>
</testsuite> <!-- tests.NewTest -->
